0 info it worked if it ends with ok
1 verbose cli [ '/usr/local/Cellar/node/7.6.0/bin/node',
1 verbose cli   '/usr/local/bin/npm',
1 verbose cli   'run',
1 verbose cli   'deploy' ]
2 info using npm@4.1.2
3 info using node@v7.6.0
4 verbose run-script [ 'predeploy', 'deploy', 'postdeploy' ]
5 info lifecycle @~predeploy: @
6 silly lifecycle @~predeploy: no script for predeploy, continuing
7 info lifecycle @~deploy: @
8 verbose lifecycle @~deploy: unsafe-perm in lifecycle true
9 verbose lifecycle @~deploy: PATH: /usr/local/lib/node_modules/npm/bin/node-gyp-bin:/Users/hswolff/Sites/reptar/reptar.github.io/node_modules/.bin:/Users/hswolff/.rvm/gems/ruby-2.1.5/bin:/Users/hswolff/.rvm/gems/ruby-2.1.5@global/bin:/Users/hswolff/.rvm/rubies/ruby-2.1.5/bin:/usr/local/heroku/bin:/Users/hswolff/.opam/4.04.0/bin:/Library/Developer/Toolchains/swift-latest.xctoolchain/usr/bin:/Library/Frameworks/Python.framework/Versions/2.7/bin:/usr/local/bin:/usr/bin:/bin:/usr/sbin:/sbin:/usr/local/deployd/bin:/Library/Frameworks/Python.framework/Versions/2.7/bin:/usr/local/bin:/usr/bin:/bin:/usr/sbin:/sbin:/usr/local/opt/go/libexec/bin:/Users/hswolff/.rvm/bin
10 verbose lifecycle @~deploy: CWD: /Users/hswolff/Sites/reptar/reptar.github.io
11 silly lifecycle @~deploy: Args: [ '-c',
11 silly lifecycle   'reptar build && gdd --branch master --src _site --remote origin' ]
12 silly lifecycle @~deploy: Returned: code: 1  signal: null
13 info lifecycle @~deploy: Failed to exec deploy script
14 verbose stack Error: @ deploy: `reptar build && gdd --branch master --src _site --remote origin`
14 verbose stack Exit status 1
14 verbose stack     at EventEmitter.<anonymous> (/usr/local/lib/node_modules/npm/lib/utils/lifecycle.js:279:16)
14 verbose stack     at emitTwo (events.js:106:13)
14 verbose stack     at EventEmitter.emit (events.js:192:7)
14 verbose stack     at ChildProcess.<anonymous> (/usr/local/lib/node_modules/npm/lib/utils/spawn.js:40:14)
14 verbose stack     at emitTwo (events.js:106:13)
14 verbose stack     at ChildProcess.emit (events.js:192:7)
14 verbose stack     at maybeClose (internal/child_process.js:890:16)
14 verbose stack     at Process.ChildProcess._handle.onexit (internal/child_process.js:226:5)
15 verbose pkgid @
16 verbose cwd /Users/hswolff/Sites/reptar/reptar.github.io
17 error Darwin 16.4.0
18 error argv "/usr/local/Cellar/node/7.6.0/bin/node" "/usr/local/bin/npm" "run" "deploy"
19 error node v7.6.0
20 error npm  v4.1.2
21 error code ELIFECYCLE
22 error @ deploy: `reptar build && gdd --branch master --src _site --remote origin`
22 error Exit status 1
23 error Failed at the @ deploy script 'reptar build && gdd --branch master --src _site --remote origin'.
23 error Make sure you have the latest version of node.js and npm installed.
23 error If you do, this is most likely a problem with the  package,
23 error not with npm itself.
23 error Tell the author that this fails on your system:
23 error     reptar build && gdd --branch master --src _site --remote origin
23 error You can get information on how to open an issue for this project with:
23 error     npm bugs
23 error Or if that isn't available, you can get their info via:
23 error     npm owner ls
23 error There is likely additional logging output above.
24 verbose exit [ 1, true ]
